# JRE version: OpenJDK Runtime Environment (8.0_202-b03) (build 1.8.0_202-release-1483-b03)
# Java VM: OpenJDK 64-Bit Server VM (25.202-b03 mixed mode windows-amd64 compressed oops)
Heap:
 PSYoungGen      total 412672K, used 6112K [0x00000000e0000000, 0x0000000100000000, 0x0000000100000000)
  eden space 330240K, 0% used [0x00000000e0000000,0x00000000e0000000,0x00000000f4280000)
  from space 82432K, 7% used [0x00000000f4280000,0x00000000f4878010,0x00000000f9300000)
  to   space 82432K, 0% used [0x00000000faf80000,0x00000000faf80000,0x0000000100000000)
 ParOldGen       total 258048K, used 239469K [0x00000000a0000000, 0x00000000afc00000, 0x00000000e0000000)
  object space 258048K, 92% used [0x00000000a0000000,0x00000000ae9db540,0x00000000afc00000)
 Metaspace       used 89252K, capacity 94578K, committed 94808K, reserved 1132544K
  class space    used 11616K, capacity 12549K, committed 12672K, reserved 1048576K
GC Heap History (10 events):
Event: 7510.865 GC heap after
Heap after GC invocations=20 (full 3):
 PSYoungGen      total 249344K, used 33264K [0x00000000e0000000, 0x00000000f6800000, 0x0000000100000000)
  eden space 216064K, 0% used [0x00000000e0000000,0x00000000e0000000,0x00000000ed300000)
  from space 33280K, 99% used [0x00000000ed300000,0x00000000ef37c210,0x00000000ef380000)
  to   space 50688K, 0% used [0x00000000f3680000,0x00000000f3680000,0x00000000f6800000)
 ParOldGen       total 258048K, used 114920K [0x00000000a0000000, 0x00000000afc00000, 0x00000000e0000000)
  object space 258048K, 44% used [0x00000000a0000000,0x00000000a703a390,0x00000000afc00000)
 Metaspace       used 88998K, capacity 94348K, committed 94552K, reserved 1130496K
  class space    used 11607K, capacity 12548K, committed 12672K, reserved 1048576K
}
Event: 7511.006 GC heap before
{Heap before GC invocations=21 (full 3):
 PSYoungGen      total 249344K, used 249328K [0x00000000e0000000, 0x00000000f6800000, 0x0000000100000000)
  eden space 216064K, 100% used [0x00000000e0000000,0x00000000ed300000,0x00000000ed300000)
  from space 33280K, 99% used [0x00000000ed300000,0x00000000ef37c210,0x00000000ef380000)
  to   space 50688K, 0% used [0x00000000f3680000,0x00000000f3680000,0x00000000f6800000)
 ParOldGen       total 258048K, used 114922K [0x00000000a0000000, 0x00000000afc00000, 0x00000000e0000000)
  object space 258048K, 44% used [0x00000000a0000000,0x00000000a703aba0,0x00000000afc00000)
 Metaspace       used 89041K, capacity 94348K, committed 94552K, reserved 1130496K
  class space    used 11607K, capacity 12548K, committed 12672K, reserved 1048576K
Event: 7511.040 GC heap after
Heap after GC invocations=21 (full 3):
 PSYoungGen      total 301056K, used 50669K [0x00000000e0000000, 0x00000000f9400000, 0x0000000100000000)
  eden space 250368K, 0% used [0x00000000e0000000,0x00000000e0000000,0x00000000ef480000)
  from space 50688K, 99% used [0x00000000f3680000,0x00000000f67fb560,0x00000000f6800000)
  to   space 67584K, 0% used [0x00000000ef480000,0x00000000ef480000,0x00000000f3680000)
 ParOldGen       total 258048K, used 138883K [0x00000000a0000000, 0x00000000afc00000, 0x00000000e0000000)
  object space 258048K, 53% used [0x00000000a0000000,0x00000000a87a0ea8,0x00000000afc00000)
 Metaspace       used 89041K, capacity 94348K, committed 94552K, reserved 1130496K
  class space    used 11607K, capacity 12548K, committed 12672K, reserved 1048576K
}
Event: 7511.209 GC heap before
{Heap before GC invocations=22 (full 3):
 PSYoungGen      total 301056K, used 301037K [0x00000000e0000000, 0x00000000f9400000, 0x0000000100000000)
  eden space 250368K, 100% used [0x00000000e0000000,0x00000000ef480000,0x00000000ef480000)
  from space 50688K, 99% used [0x00000000f3680000,0x00000000f67fb560,0x00000000f6800000)
  to   space 67584K, 0% used [0x00000000ef480000,0x00000000ef480000,0x00000000f3680000)
 ParOldGen       total 258048K, used 138883K [0x00000000a0000000, 0x00000000afc00000, 0x00000000e0000000)
  object space 258048K, 53% used [0x00000000a0000000,0x00000000a87a0ea8,0x00000000afc00000)
 Metaspace       used 89169K, capacity 94502K, committed 94808K, reserved 1132544K
  class space    used 11615K, capacity 12549K, committed 12672K, reserved 1048576K
Event: 7511.247 GC heap after
Heap after GC invocations=22 (full 3):
 PSYoungGen      total 317952K, used 67572K [0x00000000e0000000, 0x00000000fe780000, 0x0000000100000000)
  eden space 250368K, 0% used [0x00000000e0000000,0x00000000e0000000,0x00000000ef480000)
  from space 67584K, 99% used [0x00000000ef480000,0x00000000f367d0e0,0x00000000f3680000)
  to   space 85504K, 0% used [0x00000000f9400000,0x00000000f9400000,0x00000000fe780000)
 ParOldGen       total 258048K, used 157780K [0x00000000a0000000, 0x00000000afc00000, 0x00000000e0000000)
  object space 258048K, 61% used [0x00000000a0000000,0x00000000a9a150f0,0x00000000afc00000)
 Metaspace       used 89169K, capacity 94502K, committed 94808K, reserved 1132544K
  class space    used 11615K, capacity 12549K, committed 12672K, reserved 1048576K
}
Event: 7511.442 GC heap before
{Heap before GC invocations=23 (full 3):
 PSYoungGen      total 317952K, used 317940K [0x00000000e0000000, 0x00000000fe780000, 0x0000000100000000)
  eden space 250368K, 100% used [0x00000000e0000000,0x00000000ef480000,0x00000000ef480000)
  from space 67584K, 99% used [0x00000000ef480000,0x00000000f367d0e0,0x00000000f3680000)
  to   space 85504K, 0% used [0x00000000f9400000,0x00000000f9400000,0x00000000fe780000)
 ParOldGen       total 258048K, used 157780K [0x00000000a0000000, 0x00000000afc00000, 0x00000000e0000000)
  object space 258048K, 61% used [0x00000000a0000000,0x00000000a9a150f0,0x00000000afc00000)
 Metaspace       used 89221K, capacity 94566K, committed 94808K, reserved 1132544K
  class space    used 11615K, capacity 12549K, committed 12672K, reserved 1048576K
Event: 7511.478 GC heap after
Heap after GC invocations=23 (full 3):
 PSYoungGen      total 411648K, used 39085K [0x00000000e0000000, 0x00000000fe380000, 0x0000000100000000)
  eden space 330240K, 0% used [0x00000000e0000000,0x00000000e0000000,0x00000000f4280000)
  from space 81408K, 48% used [0x00000000f9400000,0x00000000fba2b610,0x00000000fe380000)
  to   space 82432K, 0% used [0x00000000f4280000,0x00000000f4280000,0x00000000f9300000)
 ParOldGen       total 258048K, used 201323K [0x00000000a0000000, 0x00000000afc00000, 0x00000000e0000000)
  object space 258048K, 78% used [0x00000000a0000000,0x00000000ac49afd8,0x00000000afc00000)
 Metaspace       used 89221K, capacity 94566K, committed 94808K, reserved 1132544K
  class space    used 11615K, capacity 12549K, committed 12672K, reserved 1048576K
}
Event: 7511.712 GC heap before
{Heap before GC invocations=24 (full 3):
 PSYoungGen      total 411648K, used 369325K [0x00000000e0000000, 0x00000000fe380000, 0x0000000100000000)
  eden space 330240K, 100% used [0x00000000e0000000,0x00000000f4280000,0x00000000f4280000)
  from space 81408K, 48% used [0x00000000f9400000,0x00000000fba2b610,0x00000000fe380000)
  to   space 82432K, 0% used [0x00000000f4280000,0x00000000f4280000,0x00000000f9300000)
 ParOldGen       total 258048K, used 201323K [0x00000000a0000000, 0x00000000afc00000, 0x00000000e0000000)
  object space 258048K, 78% used [0x00000000a0000000,0x00000000ac49afd8,0x00000000afc00000)
 Metaspace       used 89252K, capacity 94578K, committed 94808K, reserved 1132544K
  class space    used 11616K, capacity 12549K, committed 12672K, reserved 1048576K
Event: 7511.735 GC heap after
Heap after GC invocations=24 (full 3):
 PSYoungGen      total 412672K, used 6112K [0x00000000e0000000, 0x0000000100000000, 0x0000000100000000)
  eden space 330240K, 0% used [0x00000000e0000000,0x00000000e0000000,0x00000000f4280000)
  from space 82432K, 7% used [0x00000000f4280000,0x00000000f4878010,0x00000000f9300000)
  to   space 82432K, 0% used [0x00000000faf80000,0x00000000faf80000,0x0000000100000000)
 ParOldGen       total 258048K, used 239469K [0x00000000a0000000, 0x00000000afc00000, 0x00000000e0000000)
  object space 258048K, 92% used [0x00000000a0000000,0x00000000ae9db540,0x00000000afc00000)
 Metaspace       used 89252K, capacity 94578K, committed 94808K, reserved 1132544K
  class space    used 11616K, capacity 12549K, committed 12672K, reserved 1048576K
}
Event: 7511.735 GC heap before
{Heap before GC invocations=25 (full 4):
 PSYoungGen      total 412672K, used 6112K [0x00000000e0000000, 0x0000000100000000, 0x0000000100000000)
  eden space 330240K, 0% used [0x00000000e0000000,0x00000000e0000000,0x00000000f4280000)
  from space 82432K, 7% used [0x00000000f4280000,0x00000000f4878010,0x00000000f9300000)
  to   space 82432K, 0% used [0x00000000faf80000,0x00000000faf80000,0x0000000100000000)
 ParOldGen       total 258048K, used 239469K [0x00000000a0000000, 0x00000000afc00000, 0x00000000e0000000)
  object space 258048K, 92% used [0x00000000a0000000,0x00000000ae9db540,0x00000000afc00000)
 Metaspace       used 89252K, capacity 94578K, committed 94808K, reserved 1132544K
  class space    used 11616K, capacity 12549K, committed 12672K, reserved 1048576K

